<?xml version="1.0" encoding="UTF-8"?>
<testsuite name="com.example.demo.ApplicationTests" tests="1" skipped="0" failures="0" errors="0" timestamp="2024-11-14T06:46:05" hostname="OLAVPC" time="0.492">
  <properties/>
  <testcase name="testFullScenario()" classname="com.example.demo.ApplicationTests" time="0.492"/>
  <system-out><![CDATA[07:45:58.649 [Test worker] INFO org.springframework.test.context.support.AnnotationConfigContextLoaderUtils -- Could not detect default configuration classes for test class [com.example.demo.ApplicationTests]: ApplicationTests does not declare any static, non-private, non-final, nested classes annotated with @Configuration.
07:45:58.778 [Test worker] INFO org.springframework.boot.test.context.SpringBootTestContextBootstrapper -- Found @SpringBootConfiguration com.example.demo.DemoApplication for test class com.example.demo.ApplicationTests

  .   ____          _            __ _ _
 /\\ / ___'_ __ _ _(_)_ __  __ _ \ \ \ \
( ( )\___ | '_ | '_| | '_ \/ _` | \ \ \ \
 \\/  ___)| |_)| | | | | || (_| |  ) ) ) )
  '  |____| .__|_| |_|_| |_\__, | / / / /
 =========|_|==============|___/=/_/_/_/

 :: Spring Boot ::                (v3.3.3)

2024-11-14T07:45:59.268+01:00  INFO 28288 --- [demo] [    Test worker] com.example.demo.ApplicationTests        : Starting ApplicationTests using Java 21.0.2 with PID 28288 (started by olavo in C:\Users\olavo\Skrivebord\PollApp)
2024-11-14T07:45:59.269+01:00  INFO 28288 --- [demo] [    Test worker] com.example.demo.ApplicationTests        : No active profile set, falling back to 1 default profile: "default"
2024-11-14T07:46:00.308+01:00  INFO 28288 --- [demo] [    Test worker] .s.d.r.c.RepositoryConfigurationDelegate : Multiple Spring Data modules found, entering strict repository configuration mode
2024-11-14T07:46:00.311+01:00  INFO 28288 --- [demo] [    Test worker] .s.d.r.c.RepositoryConfigurationDelegate : Bootstrapping Spring Data JPA repositories in DEFAULT mode.
2024-11-14T07:46:00.350+01:00  INFO 28288 --- [demo] [    Test worker] .RepositoryConfigurationExtensionSupport : Spring Data JPA - Could not safely identify store assignment for repository candidate interface com.example.demo.Repositories.AggregatedPollDataRepository; If you want this repository to be a JPA repository, consider annotating your entities with one of these annotations: jakarta.persistence.Entity, jakarta.persistence.MappedSuperclass (preferred), or consider extending one of the following types with your repository: org.springframework.data.jpa.repository.JpaRepository
2024-11-14T07:46:00.384+01:00  INFO 28288 --- [demo] [    Test worker] .s.d.r.c.RepositoryConfigurationDelegate : Finished Spring Data repository scanning in 64 ms. Found 4 JPA repository interfaces.
2024-11-14T07:46:00.427+01:00  INFO 28288 --- [demo] [    Test worker] .s.d.r.c.RepositoryConfigurationDelegate : Multiple Spring Data modules found, entering strict repository configuration mode
2024-11-14T07:46:00.428+01:00  INFO 28288 --- [demo] [    Test worker] .s.d.r.c.RepositoryConfigurationDelegate : Bootstrapping Spring Data MongoDB repositories in DEFAULT mode.
2024-11-14T07:46:00.435+01:00  INFO 28288 --- [demo] [    Test worker] .RepositoryConfigurationExtensionSupport : Spring Data MongoDB - Could not safely identify store assignment for repository candidate interface com.example.demo.Repositories.PollRepository; If you want this repository to be a MongoDB repository, consider annotating your entities with one of these annotations: org.springframework.data.mongodb.core.mapping.Document (preferred), or consider extending one of the following types with your repository: org.springframework.data.mongodb.repository.MongoRepository
2024-11-14T07:46:00.436+01:00  INFO 28288 --- [demo] [    Test worker] .RepositoryConfigurationExtensionSupport : Spring Data MongoDB - Could not safely identify store assignment for repository candidate interface com.example.demo.Repositories.UserRepository; If you want this repository to be a MongoDB repository, consider annotating your entities with one of these annotations: org.springframework.data.mongodb.core.mapping.Document (preferred), or consider extending one of the following types with your repository: org.springframework.data.mongodb.repository.MongoRepository
2024-11-14T07:46:00.436+01:00  INFO 28288 --- [demo] [    Test worker] .RepositoryConfigurationExtensionSupport : Spring Data MongoDB - Could not safely identify store assignment for repository candidate interface com.example.demo.Repositories.VoteOptionRepository; If you want this repository to be a MongoDB repository, consider annotating your entities with one of these annotations: org.springframework.data.mongodb.core.mapping.Document (preferred), or consider extending one of the following types with your repository: org.springframework.data.mongodb.repository.MongoRepository
2024-11-14T07:46:00.436+01:00  INFO 28288 --- [demo] [    Test worker] .RepositoryConfigurationExtensionSupport : Spring Data MongoDB - Could not safely identify store assignment for repository candidate interface com.example.demo.Repositories.VoteRepository; If you want this repository to be a MongoDB repository, consider annotating your entities with one of these annotations: org.springframework.data.mongodb.core.mapping.Document (preferred), or consider extending one of the following types with your repository: org.springframework.data.mongodb.repository.MongoRepository
2024-11-14T07:46:00.441+01:00  INFO 28288 --- [demo] [    Test worker] .s.d.r.c.RepositoryConfigurationDelegate : Finished Spring Data repository scanning in 13 ms. Found 1 MongoDB repository interface.
2024-11-14T07:46:01.054+01:00  INFO 28288 --- [demo] [    Test worker] o.hibernate.jpa.internal.util.LogHelper  : HHH000204: Processing PersistenceUnitInfo [name: default]
2024-11-14T07:46:01.127+01:00  INFO 28288 --- [demo] [    Test worker] org.hibernate.Version                    : HHH000412: Hibernate ORM core version 6.5.2.Final
2024-11-14T07:46:01.188+01:00  INFO 28288 --- [demo] [    Test worker] o.h.c.internal.RegionFactoryInitiator    : HHH000026: Second-level cache disabled
2024-11-14T07:46:01.557+01:00  INFO 28288 --- [demo] [    Test worker] o.s.o.j.p.SpringPersistenceUnitInfo      : No LoadTimeWeaver setup: ignoring JPA class transformer
2024-11-14T07:46:01.585+01:00  INFO 28288 --- [demo] [    Test worker] com.zaxxer.hikari.HikariDataSource       : HikariPool-1 - Starting...
2024-11-14T07:46:01.773+01:00  INFO 28288 --- [demo] [    Test worker] com.zaxxer.hikari.pool.HikariPool        : HikariPool-1 - Added connection conn0: url=jdbc:h2:mem:testdb user=SA
2024-11-14T07:46:01.776+01:00  INFO 28288 --- [demo] [    Test worker] com.zaxxer.hikari.HikariDataSource       : HikariPool-1 - Start completed.
2024-11-14T07:46:01.808+01:00  WARN 28288 --- [demo] [    Test worker] org.hibernate.orm.deprecation            : HHH90000025: H2Dialect does not need to be specified explicitly using 'hibernate.dialect' (remove the property setting and it will be selected by default)
2024-11-14T07:46:02.792+01:00  INFO 28288 --- [demo] [    Test worker] o.h.e.t.j.p.i.JtaPlatformInitiator       : HHH000489: No JTA platform available (set 'hibernate.transaction.jta.platform' to enable JTA platform integration)
Hibernate: create table polls (poll_id integer generated by default as identity, creator_username varchar(255), published_at timestamp(6) with time zone, question varchar(255), valid_until timestamp(6) with time zone, primary key (poll_id))
Hibernate: create table users (id integer generated by default as identity, email varchar(255), first_name varchar(255), last_name varchar(255), password varchar(255), username varchar(255), primary key (id))
Hibernate: create table vote_options (vote_option_id integer generated by default as identity, caption varchar(255), presentation_order integer, poll_id integer not null, primary key (vote_option_id))
Hibernate: create table votes (vote_id integer generated by default as identity, poll_id integer, published_at timestamp(6) with time zone, username varchar(255), vote_option_id integer not null, primary key (vote_id))
Hibernate: alter table if exists users drop constraint if exists UKr43af9ap4edm43mmtq01oddj6
Hibernate: alter table if exists users add constraint UKr43af9ap4edm43mmtq01oddj6 unique (username)
Hibernate: alter table if exists vote_options add constraint FK56hcvg8yyift6bfeek4yvi2vt foreign key (poll_id) references polls
Hibernate: alter table if exists votes add constraint FK4rrxv739w9pyh2xa08h4yn2lj foreign key (vote_option_id) references vote_options
2024-11-14T07:46:02.866+01:00  INFO 28288 --- [demo] [    Test worker] j.LocalContainerEntityManagerFactoryBean : Initialized JPA EntityManagerFactory for persistence unit 'default'
2024-11-14T07:46:03.143+01:00  INFO 28288 --- [demo] [    Test worker] org.mongodb.driver.client                : MongoClient with metadata {"application": {"name": "Cluster71478"}, "driver": {"name": "mongo-java-driver|sync|spring-boot", "version": "5.0.1"}, "os": {"type": "Windows", "name": "Windows 11", "architecture": "amd64", "version": "10.0"}, "platform": "Java/Oracle Corporation/21.0.2+13-LTS-58"} created with settings MongoClientSettings{readPreference=primary, writeConcern=WriteConcern{w=majority, wTimeout=null ms, journal=null}, retryWrites=true, retryReads=true, readConcern=ReadConcern{level=null}, credential=MongoCredential{mechanism=null, userName='Cluster71478', source='admin', password=<hidden>, mechanismProperties=<hidden>}, transportSettings=null, commandListeners=[], codecRegistry=ProvidersCodecRegistry{codecProviders=[ValueCodecProvider{}, BsonValueCodecProvider{}, DBRefCodecProvider{}, DBObjectCodecProvider{}, DocumentCodecProvider{}, CollectionCodecProvider{}, IterableCodecProvider{}, MapCodecProvider{}, GeoJsonCodecProvider{}, GridFSFileCodecProvider{}, Jsr310CodecProvider{}, JsonObjectCodecProvider{}, BsonCodecProvider{}, EnumCodecProvider{}, com.mongodb.client.model.mql.ExpressionCodecProvider@8b71052, com.mongodb.Jep395RecordCodecProvider@2738a1fc, com.mongodb.KotlinCodecProvider@6d7d0946]}, loggerSettings=LoggerSettings{maxDocumentLength=1000}, clusterSettings={hosts=[127.0.0.1:27017], srvHost=cluster71478.6fjvb.mongodb.net, srvServiceName=mongodb, mode=MULTIPLE, requiredClusterType=REPLICA_SET, requiredReplicaSetName='atlas-j7wy7i-shard-0', serverSelector='null', clusterListeners='[]', serverSelectionTimeout='30000 ms', localThreshold='15 ms'}, socketSettings=SocketSettings{connectTimeoutMS=10000, readTimeoutMS=0, receiveBufferSize=0, proxySettings=ProxySettings{host=null, port=null, username=null, password=null}}, heartbeatSocketSettings=SocketSettings{connectTimeoutMS=10000, readTimeoutMS=10000, receiveBufferSize=0, proxySettings=ProxySettings{host=null, port=null, username=null, password=null}}, connectionPoolSettings=ConnectionPoolSettings{maxSize=100, minSize=0, maxWaitTimeMS=120000, maxConnectionLifeTimeMS=0, maxConnectionIdleTimeMS=0, maintenanceInitialDelayMS=0, maintenanceFrequencyMS=60000, connectionPoolListeners=[], maxConnecting=2}, serverSettings=ServerSettings{heartbeatFrequencyMS=10000, minHeartbeatFrequencyMS=500, serverListeners='[]', serverMonitorListeners='[]'}, sslSettings=SslSettings{enabled=true, invalidHostNameAllowed=false, context=null}, applicationName='Cluster71478', compressorList=[], uuidRepresentation=JAVA_LEGACY, serverApi=null, autoEncryptionSettings=null, dnsClient=null, inetAddressResolver=null, contextProvider=null}
2024-11-14T07:46:03.151+01:00  INFO 28288 --- [demo] [jvb.mongodb.net] org.mongodb.driver.cluster               : Adding discovered server cluster71478-shard-00-01.6fjvb.mongodb.net:27017 to client view of cluster
2024-11-14T07:46:03.182+01:00  INFO 28288 --- [demo] [jvb.mongodb.net] org.mongodb.driver.cluster               : Adding discovered server cluster71478-shard-00-00.6fjvb.mongodb.net:27017 to client view of cluster
2024-11-14T07:46:03.187+01:00  INFO 28288 --- [demo] [jvb.mongodb.net] org.mongodb.driver.cluster               : Adding discovered server cluster71478-shard-00-02.6fjvb.mongodb.net:27017 to client view of cluster
2024-11-14T07:46:04.067+01:00  INFO 28288 --- [demo] [ngodb.net:27017] org.mongodb.driver.cluster               : Monitor thread successfully connected to server with description ServerDescription{address=cluster71478-shard-00-02.6fjvb.mongodb.net:27017, type=REPLICA_SET_PRIMARY, state=CONNECTED, ok=true, minWireVersion=0, maxWireVersion=21, maxDocumentSize=16777216, logicalSessionTimeoutMinutes=30, roundTripTimeNanos=509634600, setName='atlas-j7wy7i-shard-0', canonicalAddress=cluster71478-shard-00-02.6fjvb.mongodb.net:27017, hosts=[cluster71478-shard-00-01.6fjvb.mongodb.net:27017, cluster71478-shard-00-02.6fjvb.mongodb.net:27017, cluster71478-shard-00-00.6fjvb.mongodb.net:27017], passives=[], arbiters=[], primary='cluster71478-shard-00-02.6fjvb.mongodb.net:27017', tagSet=TagSet{[Tag{name='availabilityZone', value='use1-az5'}, Tag{name='diskState', value='READY'}, Tag{name='nodeType', value='ELECTABLE'}, Tag{name='provider', value='AWS'}, Tag{name='region', value='US_EAST_1'}, Tag{name='workloadType', value='OPERATIONAL'}]}, electionId=7fffffff000000000000016e, setVersion=173, topologyVersion=TopologyVersion{processId=67350f6915f9121dacfa795a, counter=6}, lastWriteDate=Thu Nov 14 07:46:03 CET 2024, lastUpdateTimeNanos=335309097349500}
2024-11-14T07:46:04.067+01:00  INFO 28288 --- [demo] [ngodb.net:27017] org.mongodb.driver.cluster               : Monitor thread successfully connected to server with description ServerDescription{address=cluster71478-shard-00-00.6fjvb.mongodb.net:27017, type=REPLICA_SET_SECONDARY, state=CONNECTED, ok=true, minWireVersion=0, maxWireVersion=21, maxDocumentSize=16777216, logicalSessionTimeoutMinutes=30, roundTripTimeNanos=496578500, setName='atlas-j7wy7i-shard-0', canonicalAddress=cluster71478-shard-00-00.6fjvb.mongodb.net:27017, hosts=[cluster71478-shard-00-01.6fjvb.mongodb.net:27017, cluster71478-shard-00-02.6fjvb.mongodb.net:27017, cluster71478-shard-00-00.6fjvb.mongodb.net:27017], passives=[], arbiters=[], primary='cluster71478-shard-00-02.6fjvb.mongodb.net:27017', tagSet=TagSet{[Tag{name='availabilityZone', value='use1-az2'}, Tag{name='diskState', value='READY'}, Tag{name='nodeType', value='ELECTABLE'}, Tag{name='provider', value='AWS'}, Tag{name='region', value='US_EAST_1'}, Tag{name='workloadType', value='OPERATIONAL'}]}, electionId=null, setVersion=173, topologyVersion=TopologyVersion{processId=67351052f09e92b9bd9c225b, counter=4}, lastWriteDate=Thu Nov 14 07:46:03 CET 2024, lastUpdateTimeNanos=335309097349600}
2024-11-14T07:46:04.067+01:00  INFO 28288 --- [demo] [ngodb.net:27017] org.mongodb.driver.cluster               : Monitor thread successfully connected to server with description ServerDescription{address=cluster71478-shard-00-01.6fjvb.mongodb.net:27017, type=REPLICA_SET_SECONDARY, state=CONNECTED, ok=true, minWireVersion=0, maxWireVersion=21, maxDocumentSize=16777216, logicalSessionTimeoutMinutes=30, roundTripTimeNanos=509632900, setName='atlas-j7wy7i-shard-0', canonicalAddress=cluster71478-shard-00-01.6fjvb.mongodb.net:27017, hosts=[cluster71478-shard-00-01.6fjvb.mongodb.net:27017, cluster71478-shard-00-02.6fjvb.mongodb.net:27017, cluster71478-shard-00-00.6fjvb.mongodb.net:27017], passives=[], arbiters=[], primary='cluster71478-shard-00-02.6fjvb.mongodb.net:27017', tagSet=TagSet{[Tag{name='availabilityZone', value='use1-az1'}, Tag{name='diskState', value='READY'}, Tag{name='nodeType', value='ELECTABLE'}, Tag{name='provider', value='AWS'}, Tag{name='region', value='US_EAST_1'}, Tag{name='workloadType', value='OPERATIONAL'}]}, electionId=null, setVersion=173, topologyVersion=TopologyVersion{processId=6735118b097b41edf6ab125b, counter=3}, lastWriteDate=Thu Nov 14 07:46:03 CET 2024, lastUpdateTimeNanos=335309097349500}
2024-11-14T07:46:04.071+01:00  INFO 28288 --- [demo] [ngodb.net:27017] org.mongodb.driver.cluster               : Discovered replica set primary cluster71478-shard-00-02.6fjvb.mongodb.net:27017 with max election id 7fffffff000000000000016e and max set version 173
2024-11-14T07:46:04.254+01:00  WARN 28288 --- [demo] [    Test worker] JpaBaseConfiguration$JpaWebConfiguration : spring.jpa.open-in-view is enabled by default. Therefore, database queries may be performed during view rendering. Explicitly configure spring.jpa.open-in-view to disable this warning
2024-11-14T07:46:04.282+01:00  WARN 28288 --- [demo] [    Test worker] .s.s.UserDetailsServiceAutoConfiguration : 

Using generated security password: e0650100-885a-4a5f-931e-9d5a1f43ce5e

This generated password is for development use only. Your security configuration must be updated before running your application in production.

2024-11-14T07:46:04.296+01:00  INFO 28288 --- [demo] [    Test worker] r$InitializeUserDetailsManagerConfigurer : Global AuthenticationManager configured with UserDetailsService bean with name inMemoryUserDetailsManager
2024-11-14T07:46:04.390+01:00  INFO 28288 --- [demo] [    Test worker] o.s.b.a.w.s.WelcomePageHandlerMapping    : Adding welcome page: class path resource [static/index.html]
2024-11-14T07:46:04.967+01:00  WARN 28288 --- [demo] [    Test worker] ion$DefaultTemplateResolverConfiguration : Cannot find template location: classpath:/templates/ (please add some templates, check your Thymeleaf configuration, or set spring.thymeleaf.check-template-location=false)
2024-11-14T07:46:05.140+01:00  INFO 28288 --- [demo] [    Test worker] o.s.b.a.h2.H2ConsoleAutoConfiguration    : H2 console available at '/h2-console'. Database available at 'jdbc:h2:mem:testdb'
2024-11-14T07:46:05.224+01:00  INFO 28288 --- [demo] [    Test worker] o.s.b.t.m.w.SpringBootMockServletContext : Initializing Spring TestDispatcherServlet ''
2024-11-14T07:46:05.224+01:00  INFO 28288 --- [demo] [    Test worker] o.s.t.web.servlet.TestDispatcherServlet  : Initializing Servlet ''
2024-11-14T07:46:05.225+01:00  INFO 28288 --- [demo] [    Test worker] o.s.t.web.servlet.TestDispatcherServlet  : Completed initialization in 1 ms
2024-11-14T07:46:05.260+01:00  INFO 28288 --- [demo] [    Test worker] o.s.a.r.c.CachingConnectionFactory       : Attempting to connect to: [localhost:5672]
2024-11-14T07:46:05.330+01:00  INFO 28288 --- [demo] [    Test worker] o.s.a.r.c.CachingConnectionFactory       : Created new connection: rabbitConnectionFactory#13482361:0/SimpleConnection@58fcb07b [delegate=amqp://guest@127.0.0.1:5672/, localPort=61990]
2024-11-14T07:46:05.341+01:00  INFO 28288 --- [demo] [    Test worker] o.s.amqp.rabbit.core.RabbitAdmin         : Auto-declaring a non-durable, auto-delete, or exclusive Queue (pollQueue) durable:false, auto-delete:false, exclusive:false. It will be redeclared if the broker stops and is restarted while the connection factory is alive, but all messages will be lost.
2024-11-14T07:46:05.428+01:00  INFO 28288 --- [demo] [    Test worker] com.example.demo.ApplicationTests        : Started ApplicationTests in 6.472 seconds (process running for 7.858)
]]></system-out>
  <system-err><![CDATA[WARNING: A Java agent has been loaded dynamically (C:\Users\olavo\.gradle\caches\modules-2\files-2.1\net.bytebuddy\byte-buddy-agent\1.14.19\154da3a65b4f4a909d3e5bdec55d1b2b4cbb6ce1\byte-buddy-agent-1.14.19.jar)
WARNING: If a serviceability tool is in use, please run with -XX:+EnableDynamicAgentLoading to hide this warning
WARNING: If a serviceability tool is not in use, please run with -Djdk.instrument.traceUsage for more information
WARNING: Dynamic loading of agents will be disallowed by default in a future release
]]></system-err>
</testsuite>
